<?xml version="1.0" encoding="UTF-8"?>
<!-- Generated by org.testng.reporters.JUnitReportReporter -->
<testsuite hostname="MTLP-1003" failures="0" tests="1" name="com.mystore.testcases.SearchResultsPageTest" time="12.008" errors="0" timestamp="2024-03-17T22:07:37 IST" skipped="0">
  <testcase classname="com.mystore.testcases.SearchResultsPageTest" name="validateProfuctAvailable" time="12.008"/>
  <system-out/>
</testsuite> <!-- com.mystore.testcases.SearchResultsPageTest -->
