<?xml version="1.0" encoding="UTF-8"?>
<!-- Generated by org.testng.reporters.JUnitReportReporter -->
<testsuite hostname="MTLP-1003" failures="0" tests="1" name="com.mystore.base.BaseClass" time="0.013" errors="0" timestamp="2024-03-17T12:16:49 IST" skipped="0">
  <testcase classname="com.mystore.base.BaseClass" name="display" time="0.013"/>
  <system-out/>
</testsuite> <!-- com.mystore.base.BaseClass -->
