<?xml version="1.0" encoding="UTF-8"?>
<!-- Generated by org.testng.reporters.JUnitReportReporter -->
<testsuite hostname="MTLP-1003" failures="0" tests="1" name="com.mystore.testcases.AccountCreationPageTest" time="21.023" errors="0" timestamp="2024-03-17T22:07:37 IST" skipped="0">
  <testcase classname="com.mystore.testcases.AccountCreationPageTest" name="validateAccountCreatePage" time="21.023"/>
  <system-out/>
</testsuite> <!-- com.mystore.testcases.AccountCreationPageTest -->
